Build started 13/09/2012 09:57:06.
     1>Project "C:\Users\Bryan\Documents\GitHub\gp2\GP2\GP2.vcxproj" on node 2 (build target(s)).
     1>PrepareForBuild:
         Creating directory "C:\Users\Bryan\Documents\GitHub\gp2\Debug\".
       InitializeBuildStatus:
         Creating "Debug\GP2.unsuccessfulbuild" because "AlwaysCreate" was specified.
       ClCompile:
         e:\Program Files\Microsoft Visual Studio 10.0\VC\bin\CL.exe /c /I"C:\Program Files\Microsoft DirectX SDK (June 2010)\\include" /ZI /nologo /W3 /WX- /Od /Oy- /D WIN32 /D _DEBUG /D _WINDOWS /D _UNICODE /D UNICODE /Gm /EHsc /RTC1 /MDd /GS /fp:precise /Zc:wchar_t /Zc:forScope /Fo"Debug\\" /Fd"Debug\vc100.pdb" /Gd /TP /analyze- /errorReport:prompt main.cpp Win32Window.cpp
         Win32Window.cpp
         main.cpp
         Generating Code...
       ManifestResourceCompile:
         C:\Program Files\Microsoft SDKs\Windows\v7.0A\bin\rc.exe /nologo /fo"Debug\GP2.exe.embed.manifest.res" Debug\GP2_manifest.rc 
       Link:
         e:\Program Files\Microsoft Visual Studio 10.0\VC\bin\link.exe /ERRORREPORT:PROMPT /OUT:"C:\Users\Bryan\Documents\GitHub\gp2\Debug\GP2.exe" /INCREMENTAL /NOLOGO /LIBPATH:"C:\Program Files\Microsoft DirectX SDK (June 2010)\\lib\x86" d3d10.lib d3dx10.lib kernel32.lib user32.lib gdi32.lib winspool.lib comdlg32.lib advapi32.lib shell32.lib ole32.lib oleaut32.lib uuid.lib odbc32.lib odbccp32.lib /MANIFEST /ManifestFile:"Debug\GP2.exe.intermediate.manifest" /MANIFESTUAC:"level='asInvoker' uiAccess='false'" /DEBUG /PDB:"C:\Users\Bryan\Documents\GitHub\gp2\Debug\GP2.pdb" /SUBSYSTEM:WINDOWS /TLBID:1 /DYNAMICBASE /NXCOMPAT /IMPLIB:"C:\Users\Bryan\Documents\GitHub\gp2\Debug\GP2.lib" /MACHINE:X86 Debug\GP2.exe.embed.manifest.res
         Debug\main.obj
         Debug\Win32Window.obj
       Manifest:
         C:\Program Files\Microsoft SDKs\Windows\v7.0A\bin\mt.exe /nologo /verbose /out:"Debug\GP2.exe.embed.manifest" /manifest Debug\GP2.exe.intermediate.manifest
         C:\Program Files\Microsoft SDKs\Windows\v7.0A\bin\rc.exe /nologo /fo"Debug\GP2.exe.embed.manifest.res" Debug\GP2_manifest.rc 
       LinkEmbedManifest:
         e:\Program Files\Microsoft Visual Studio 10.0\VC\bin\link.exe /ERRORREPORT:PROMPT /OUT:"C:\Users\Bryan\Documents\GitHub\gp2\Debug\GP2.exe" /INCREMENTAL /NOLOGO /LIBPATH:"C:\Program Files\Microsoft DirectX SDK (June 2010)\\lib\x86" d3d10.lib d3dx10.lib kernel32.lib user32.lib gdi32.lib winspool.lib comdlg32.lib advapi32.lib shell32.lib ole32.lib oleaut32.lib uuid.lib odbc32.lib odbccp32.lib /MANIFEST /ManifestFile:"Debug\GP2.exe.intermediate.manifest" /MANIFESTUAC:"level='asInvoker' uiAccess='false'" /DEBUG /PDB:"C:\Users\Bryan\Documents\GitHub\gp2\Debug\GP2.pdb" /SUBSYSTEM:WINDOWS /TLBID:1 /DYNAMICBASE /NXCOMPAT /IMPLIB:"C:\Users\Bryan\Documents\GitHub\gp2\Debug\GP2.lib" /MACHINE:X86 Debug\GP2.exe.embed.manifest.res
         Debug\main.obj
         Debug\Win32Window.obj
         GP2.vcxproj -> C:\Users\Bryan\Documents\GitHub\gp2\Debug\GP2.exe
       FinalizeBuildStatus:
         Deleting file "Debug\GP2.unsuccessfulbuild".
         Touching "Debug\GP2.lastbuildstate".
     1>Done Building Project "C:\Users\Bryan\Documents\GitHub\gp2\GP2\GP2.vcxproj" (build target(s)).

Build succeeded.

Time Elapsed 00:00:14.48
